<?xml version="1.0" encoding="UTF-8"?>
<!-- Generated by org.testng.reporters.JUnitXMLReporter -->
<testsuite hostname="DESKTOP-9RQT0S6" tests="1" failures="1" timestamp="23 May 2018 14:19:32 GMT" time="11.401" errors="0">
  <testcase name="login" time="5.486" classname="LoginTest">
    <failure type="java.lang.AssertionError" message="expected [0] but found [1]">
      <![CDATA[java.lang.AssertionError: expected [0] but found [1]
	at org.webdriver.patatiumwebui.utils.Assertion.VerityError(Assertion.java:1041)
	at LoginTest.login(LoginTest.java:39)
... Removed 32 stack frames]]>
    </failure>
  </testcase> <!-- login -->
</testsuite>
